\BOOKMARK [1][-]{section.1}{\376\377\000I\000n\000t\000r\000o\000d\000u\000\347\000\343\000o}{}% 1
\BOOKMARK [1][-]{section.2}{\376\377\000C\000o\000n\000t\000e\000x\000t\000o\000\040\000G\000e\000r\000a\000l\000\040\000d\000o\000\040\000P\000r\000o\000j\000e\000t\000o}{}% 2
\BOOKMARK [1][-]{section.3}{\376\377\000E\000s\000t\000r\000u\000t\000u\000r\000a\000\040\000d\000o\000\040\000p\000r\000o\000j\000e\000t\000o}{}% 3
\BOOKMARK [1][-]{section.4}{\376\377\000C\000o\000m\000o\000\040\000C\000o\000m\000p\000i\000l\000a\000r\000\040\000e\000\040\000E\000x\000e\000c\000u\000t\000a\000r}{}% 4
\BOOKMARK [2][-]{subsection.4.1}{\376\377\000C\000o\000m\000p\000i\000l\000a\000r}{section.4}% 5
\BOOKMARK [2][-]{subsection.4.2}{\376\377\000E\000x\000e\000c\000u\000t\000a\000r}{section.4}% 6
\BOOKMARK [2][-]{subsection.4.3}{\376\377\000E\000x\000e\000m\000p\000l\000o\000\040\000d\000e\000\040\000E\000x\000e\000c\000u\000\347\000\343\000o}{section.4}% 7
\BOOKMARK [2][-]{subsection.4.4}{\376\377\000D\000e\000n\000t\000r\000o\000\040\000d\000o\000\040\000P\000r\000o\000g\000r\000a\000m\000a}{section.4}% 8
\BOOKMARK [1][-]{section.5}{\376\377\000A\000r\000q\000u\000i\000v\000o\000\040\000P\000r\000i\000n\000c\000i\000p\000a\000l}{}% 9
\BOOKMARK [2][-]{subsection.5.1}{\376\377\000F\000l\000u\000x\000o\000\040\000d\000e\000\040\000E\000x\000e\000c\000u\000\347\000\343\000o}{section.5}% 10
\BOOKMARK [1][-]{section.6}{\376\377\000L\000e\000x\000e\000r}{}% 11
\BOOKMARK [2][-]{subsection.6.1}{\376\377\000D\000e\000f\000i\000n\000i\000\347\000\343\000o\000\040\000d\000o\000\040\000T\000i\000p\000o\000\040\000d\000e\000\040\000T\000o\000k\000e\000n}{section.6}% 12
\BOOKMARK [2][-]{subsection.6.2}{\376\377\000R\000e\000c\000o\000n\000h\000e\000c\000i\000m\000e\000n\000t\000o\000\040\000d\000o\000s\000\040\000T\000o\000k\000e\000n\000s}{section.6}% 13
\BOOKMARK [1][-]{section.7}{\376\377\000P\000a\000r\000s\000e\000r\000R\000e\000c\000u\000r\000s\000i\000v\000e}{}% 14
\BOOKMARK [2][-]{subsection.7.1}{\376\377\000D\000e\000f\000i\000n\000i\000\347\000\343\000o\000\040\000d\000a\000\040\000\301\000r\000v\000o\000r\000e\000\040\000d\000e\000\040\000S\000i\000n\000t\000a\000x\000e\000\040\000\050\000A\000S\000T\000\051}{section.7}% 15
\BOOKMARK [2][-]{subsection.7.2}{\376\377\000F\000u\000n\000\347\000\343\000o\000\040\000P\000r\000i\000n\000c\000i\000p\000a\000l\000:\000\040\000p\000a\000r\000s\000e\000A\000n\000d\000P\000r\000i\000n\000t\000A\000S\000T}{section.7}% 16
\BOOKMARK [2][-]{subsection.7.3}{\376\377\000F\000u\000n\000\347\000\343\000o\000\040\000f\000o\000r\000m\000a\000t\000A\000S\000T}{section.7}% 17
\BOOKMARK [2][-]{subsection.7.4}{\376\377\000F\000u\000n\000\347\000\365\000e\000s\000\040\000d\000e\000\040\000P\000a\000r\000s\000i\000n\000g}{section.7}% 18
\BOOKMARK [3][-]{subsubsection.7.4.1}{\376\377\000F\000u\000n\000\347\000\343\000o\000\040\000p\000a\000r\000s\000e\000B\000l\000o\000c\000k}{subsection.7.4}% 19
\BOOKMARK [3][-]{subsubsection.7.4.2}{\376\377\000F\000u\000n\000\347\000\343\000o\000\040\000p\000a\000r\000s\000e\000E\000x\000p\000r\000e\000s\000s\000i\000o\000n}{subsection.7.4}% 20
\BOOKMARK [3][-]{subsubsection.7.4.3}{\376\377\000F\000u\000n\000\347\000\343\000o\000\040\000b\000u\000i\000l\000d\000A\000S\000T}{subsection.7.4}% 21
\BOOKMARK [1][-]{section.8}{\376\377\000P\000a\000r\000s\000e\000r\000\040\000L\000A\000L\000R}{}% 22
\BOOKMARK [2][-]{subsection.8.1}{\376\377\000E\000s\000t\000r\000u\000t\000u\000r\000a\000\040\000d\000o\000\040\000A\000r\000q\000u\000i\000v\000o}{section.8}% 23
\BOOKMARK [3][-]{subsubsection.8.1.1}{\376\377\000D\000e\000f\000i\000n\000i\000\347\000\343\000o\000\040\000d\000e\000\040\000T\000o\000k\000e\000n\000s}{subsection.8.1}% 24
\BOOKMARK [3][-]{subsubsection.8.1.2}{\376\377\000D\000e\000f\000i\000n\000i\000\347\000\343\000o\000\040\000d\000a\000\040\000G\000r\000a\000m\000\341\000t\000i\000c\000a\000\040\000\050\000R\000e\000g\000r\000a\000s\000\040\000S\000i\000n\000t\000\341\000t\000i\000c\000a\000s\000\051}{subsection.8.1}% 25
\BOOKMARK [3][-]{subsubsection.8.1.3}{\376\377\000C\000o\000n\000s\000t\000r\000u\000\347\000\343\000o\000\040\000d\000a\000\040\000A\000S\000T\000\040\000\050\000\301\000r\000v\000o\000r\000e\000\040\000d\000e\000\040\000S\000i\000n\000t\000a\000x\000e\000\040\000A\000b\000s\000t\000r\000a\000t\000a\000\051}{subsection.8.1}% 26
\BOOKMARK [3][-]{subsubsection.8.1.4}{\376\377\000F\000u\000n\000\347\000\343\000o\000\040\000d\000e\000\040\000I\000m\000p\000r\000e\000s\000s\000\343\000o\000\040\000d\000a\000\040\000A\000S\000T}{subsection.8.1}% 27
\BOOKMARK [1][-]{section.9}{\376\377\000I\000n\000t\000e\000r\000p\000r\000e\000t\000e\000r}{}% 28
\BOOKMARK [2][-]{subsection.9.1}{\376\377\000P\000r\000i\000n\000c\000i\000p\000a\000i\000s\000\040\000C\000o\000m\000p\000o\000n\000e\000n\000t\000e\000s}{section.9}% 29
\BOOKMARK [2][-]{subsection.9.2}{\376\377\000F\000u\000n\000c\000i\000o\000n\000a\000m\000e\000n\000t\000o}{section.9}% 30
\BOOKMARK [1][-]{section.10}{\376\377\000S\000y\000n\000t\000a\000x}{}% 31
\BOOKMARK [2][-]{subsection.10.1}{\376\377\000P\000r\000i\000n\000c\000i\000p\000a\000i\000s\000\040\000C\000o\000m\000p\000o\000n\000e\000n\000t\000e\000s}{section.10}% 32
\BOOKMARK [2][-]{subsection.10.2}{\376\377\000C\000o\000n\000v\000e\000r\000s\000\343\000o\000\040\000d\000a\000\040\000A\000S\000T}{section.10}% 33
\BOOKMARK [1][-]{section.11}{\376\377\000P\000E\000G}{}% 34
\BOOKMARK [2][-]{subsection.11.1}{\376\377\000M\000\363\000d\000u\000l\000o\000s\000\040\000I\000m\000p\000o\000r\000t\000a\000d\000o\000s}{section.11}% 35
\BOOKMARK [2][-]{subsection.11.2}{\376\377\000F\000u\000n\000\347\000\343\000o\000\040\000P\000r\000i\000n\000c\000i\000p\000a\000l\000:\000\040\000p\000a\000r\000s\000e\000P\000E\000G\000A\000n\000d\000I\000n\000t\000e\000r\000p\000r\000e\000t}{section.11}% 36
\BOOKMARK [1][-]{section.12}{\376\377\000T\000e\000s\000t\000e\000\040\000d\000e\000\040\000E\000n\000t\000r\000a\000d\000a\000\040\000e\000\040\000S\000a\000\355\000d\000a}{}% 37
\BOOKMARK [2][-]{subsection.12.1}{\376\377\000E\000n\000t\000r\000a\000d\000a}{section.12}% 38
\BOOKMARK [2][-]{subsection.12.2}{\376\377\000S\000a\000\355\000d\000a}{section.12}% 39
\BOOKMARK [3][-]{subsubsection.12.2.1}{\376\377\000S\000a\000\355\000d\000a\000\040\000d\000o\000\040\000L\000e\000x\000e\000r}{subsection.12.2}% 40
\BOOKMARK [3][-]{subsubsection.12.2.2}{\376\377\000S\000a\000\355\000d\000a\000\040\000d\000o\000\040\000P\000a\000r\000s\000e\000r\000R\000e\000s\000c\000u\000r\000s\000i\000v\000e}{subsection.12.2}% 41
\BOOKMARK [3][-]{subsubsection.12.2.3}{\376\377\000S\000a\000\355\000d\000a\000\040\000d\000o\000\040\000P\000a\000r\000s\000e\000r\000\040\000L\000A\000L\000R}{subsection.12.2}% 42
\BOOKMARK [1][-]{section.13}{\376\377\000D\000e\000s\000a\000f\000i\000o\000s\000\040\000E\000n\000c\000o\000n\000t\000r\000a\000d\000o\000s}{}% 43
\BOOKMARK [1][-]{section.14}{\376\377\000R\000e\000c\000o\000m\000e\000n\000d\000a\000\347\000\365\000e\000s\000\040\000d\000e\000\040\000M\000e\000l\000h\000o\000r\000i\000a}{}% 44
\BOOKMARK [1][-]{section.15}{\376\377\000C\000o\000n\000c\000l\000u\000s\000\343\000o}{}% 45
\BOOKMARK [2][-]{subsection.15.1}{\376\377\000A\000n\000\341\000l\000i\000s\000e\000\040\000L\000\351\000x\000i\000c\000a}{section.15}% 46
\BOOKMARK [2][-]{subsection.15.2}{\376\377\000A\000n\000\341\000l\000i\000s\000e\000\040\000S\000i\000n\000t\000\341\000t\000i\000c\000a}{section.15}% 47
